<?xml version="1.0" encoding="UTF-8"?>
<testsuite xmlns:xsi="http://www.w3.org/2001/XMLSchema-instance" xsi:noNamespaceSchemaLocation="https://maven.apache.org/surefire/maven-surefire-plugin/xsd/surefire-test-report-3.0.xsd" version="3.0" name="com.ultrafast.pool.ABASafetyTest" time="0.263" tests="5" errors="0" skipped="0" failures="0">
  <properties>
[...]
</properties>
  <testcase name="testOriginalABASafety" classname="com.ultrafast.pool.ABASafetyTest" time="0.054">
    <system-out><![CDATA[Original - Successful operations: 80000
Original - Failed operations: 0
Original - Final stats: PoolStats{capacity=1000, free=1000, busy=0, updates=0, gets=80000, returns=80000, updates=0, bitTricks=34497, stackHits=45503}
]]></system-out>
  </testcase>
  <testcase name="testStatsUnderABA" classname="com.ultrafast.pool.ABASafetyTest" time="0.034">
    <system-out><![CDATA[Original stats under ABA: PoolStats{capacity=1000, free=1000, busy=0, updates=0, gets=80000, returns=80000, updates=0, bitTricks=16503, stackHits=63497}
]]></system-out>
  </testcase>
  <testcase name="testABAPerformanceComparison" classname="com.ultrafast.pool.ABASafetyTest" time="0.065">
    <system-out><![CDATA[Original ABA performance: 30ms
Optimized ABA performance: 32ms
Performance improvement: -6,67%
]]></system-out>
  </testcase>
  <testcase name="testHighContentionCorrectness" classname="com.ultrafast.pool.ABASafetyTest" time="0.073"/>
  <testcase name="testOptimizedABASafety" classname="com.ultrafast.pool.ABASafetyTest" time="0.028">
    <system-out><![CDATA[Optimized - Successful operations: 80000
Optimized - Failed operations: 0
Optimized - Final stats: PoolStats{capacity=1000, free=1000, busy=0, updates=0, gets=80000, returns=80000, updates=0, bitTricks=80000, stackHits=0}
]]></system-out>
  </testcase>
</testsuite>